<?xml version="1.0" encoding="UTF-8"?>
<testsuite xmlns:xsi="http://www.w3.org/2001/XMLSchema-instance" xsi:noNamespaceSchemaLocation="https://maven.apache.org/surefire/maven-surefire-plugin/xsd/surefire-test-report.xsd" name="it.unipd.mtss.ConverterTest" time="0.173" tests="101" errors="0" skipped="0" failures="0">
  <properties>
[...]
</properties>
  <testcase name="testConverter[0]" classname="it.unipd.mtss.ConverterTest" time="0.003"/>
  <testcase name="testConverter[1]" classname="it.unipd.mtss.ConverterTest" time="0.001"/>
  <testcase name="testConverter[2]" classname="it.unipd.mtss.ConverterTest" time="0.002"/>
  <testcase name="testConverter[3]" classname="it.unipd.mtss.ConverterTest" time="0"/>
  <testcase name="testConverter[4]" classname="it.unipd.mtss.ConverterTest" time="0"/>
  <testcase name="testConverter[5]" classname="it.unipd.mtss.ConverterTest" time="0.001"/>
  <testcase name="testConverter[6]" classname="it.unipd.mtss.ConverterTest" time="0.001"/>
  <testcase name="testConverter[7]" classname="it.unipd.mtss.ConverterTest" time="0"/>
  <testcase name="testConverter[8]" classname="it.unipd.mtss.ConverterTest" time="0.001"/>
  <testcase name="testConverter[9]" classname="it.unipd.mtss.ConverterTest" time="0.001"/>
  <testcase name="testConverter[10]" classname="it.unipd.mtss.ConverterTest" time="0.001"/>
  <testcase name="testConverter[11]" classname="it.unipd.mtss.ConverterTest" time="0.001"/>
  <testcase name="testConverter[12]" classname="it.unipd.mtss.ConverterTest" time="0.001"/>
  <testcase name="testConverter[13]" classname="it.unipd.mtss.ConverterTest" time="0.001"/>
  <testcase name="testConverter[14]" classname="it.unipd.mtss.ConverterTest" time="0.001"/>
  <testcase name="testConverter[15]" classname="it.unipd.mtss.ConverterTest" time="0.001"/>
  <testcase name="testConverter[16]" classname="it.unipd.mtss.ConverterTest" time="0.001"/>
  <testcase name="testConverter[17]" classname="it.unipd.mtss.ConverterTest" time="0.001"/>
  <testcase name="testConverter[18]" classname="it.unipd.mtss.ConverterTest" time="0.001"/>
  <testcase name="testConverter[19]" classname="it.unipd.mtss.ConverterTest" time="0.001"/>
  <testcase name="testConverter[20]" classname="it.unipd.mtss.ConverterTest" time="0.001"/>
  <testcase name="testConverter[21]" classname="it.unipd.mtss.ConverterTest" time="0.001"/>
  <testcase name="testConverter[22]" classname="it.unipd.mtss.ConverterTest" time="0.002"/>
  <testcase name="testConverter[23]" classname="it.unipd.mtss.ConverterTest" time="0"/>
  <testcase name="testConverter[24]" classname="it.unipd.mtss.ConverterTest" time="0.001"/>
  <testcase name="testConverter[25]" classname="it.unipd.mtss.ConverterTest" time="0.001"/>
  <testcase name="testConverter[26]" classname="it.unipd.mtss.ConverterTest" time="0.001"/>
  <testcase name="testConverter[27]" classname="it.unipd.mtss.ConverterTest" time="0.001"/>
  <testcase name="testConverter[28]" classname="it.unipd.mtss.ConverterTest" time="0.001"/>
  <testcase name="testConverter[29]" classname="it.unipd.mtss.ConverterTest" time="0.001"/>
  <testcase name="testConverter[30]" classname="it.unipd.mtss.ConverterTest" time="0.001"/>
  <testcase name="testConverter[31]" classname="it.unipd.mtss.ConverterTest" time="0"/>
  <testcase name="testConverter[32]" classname="it.unipd.mtss.ConverterTest" time="0"/>
  <testcase name="testConverter[33]" classname="it.unipd.mtss.ConverterTest" time="0.001"/>
  <testcase name="testConverter[34]" classname="it.unipd.mtss.ConverterTest" time="0.002"/>
  <testcase name="testConverter[35]" classname="it.unipd.mtss.ConverterTest" time="0.001"/>
  <testcase name="testConverter[36]" classname="it.unipd.mtss.ConverterTest" time="0.001"/>
  <testcase name="testConverter[37]" classname="it.unipd.mtss.ConverterTest" time="0.001"/>
  <testcase name="testConverter[38]" classname="it.unipd.mtss.ConverterTest" time="0.001"/>
  <testcase name="testConverter[39]" classname="it.unipd.mtss.ConverterTest" time="0"/>
  <testcase name="testConverter[40]" classname="it.unipd.mtss.ConverterTest" time="0.002"/>
  <testcase name="testConverter[41]" classname="it.unipd.mtss.ConverterTest" time="0.002"/>
  <testcase name="testConverter[42]" classname="it.unipd.mtss.ConverterTest" time="0.001"/>
  <testcase name="testConverter[43]" classname="it.unipd.mtss.ConverterTest" time="0.002"/>
  <testcase name="testConverter[44]" classname="it.unipd.mtss.ConverterTest" time="0.002"/>
  <testcase name="testConverter[45]" classname="it.unipd.mtss.ConverterTest" time="0.001"/>
  <testcase name="testConverter[46]" classname="it.unipd.mtss.ConverterTest" time="0"/>
  <testcase name="testConverter[47]" classname="it.unipd.mtss.ConverterTest" time="0.001"/>
  <testcase name="testConverter[48]" classname="it.unipd.mtss.ConverterTest" time="0.001"/>
  <testcase name="testConverter[49]" classname="it.unipd.mtss.ConverterTest" time="0.001"/>
  <testcase name="testConverter[50]" classname="it.unipd.mtss.ConverterTest" time="0.001"/>
  <testcase name="testConverter[51]" classname="it.unipd.mtss.ConverterTest" time="0.001"/>
  <testcase name="testConverter[52]" classname="it.unipd.mtss.ConverterTest" time="0.001"/>
  <testcase name="testConverter[53]" classname="it.unipd.mtss.ConverterTest" time="0.001"/>
  <testcase name="testConverter[54]" classname="it.unipd.mtss.ConverterTest" time="0.007"/>
  <testcase name="testConverter[55]" classname="it.unipd.mtss.ConverterTest" time="0"/>
  <testcase name="testConverter[56]" classname="it.unipd.mtss.ConverterTest" time="0.002"/>
  <testcase name="testConverter[57]" classname="it.unipd.mtss.ConverterTest" time="0"/>
  <testcase name="testConverter[58]" classname="it.unipd.mtss.ConverterTest" time="0"/>
  <testcase name="testConverter[59]" classname="it.unipd.mtss.ConverterTest" time="0.001"/>
  <testcase name="testConverter[60]" classname="it.unipd.mtss.ConverterTest" time="0"/>
  <testcase name="testConverter[61]" classname="it.unipd.mtss.ConverterTest" time="0.001"/>
  <testcase name="testConverter[62]" classname="it.unipd.mtss.ConverterTest" time="0.001"/>
  <testcase name="testConverter[63]" classname="it.unipd.mtss.ConverterTest" time="0.001"/>
  <testcase name="testConverter[64]" classname="it.unipd.mtss.ConverterTest" time="0.001"/>
  <testcase name="testConverter[65]" classname="it.unipd.mtss.ConverterTest" time="0.001"/>
  <testcase name="testConverter[66]" classname="it.unipd.mtss.ConverterTest" time="0.001"/>
  <testcase name="testConverter[67]" classname="it.unipd.mtss.ConverterTest" time="0.001"/>
  <testcase name="testConverter[68]" classname="it.unipd.mtss.ConverterTest" time="0"/>
  <testcase name="testConverter[69]" classname="it.unipd.mtss.ConverterTest" time="0.001"/>
  <testcase name="testConverter[70]" classname="it.unipd.mtss.ConverterTest" time="0.001"/>
  <testcase name="testConverter[71]" classname="it.unipd.mtss.ConverterTest" time="0"/>
  <testcase name="testConverter[72]" classname="it.unipd.mtss.ConverterTest" time="0.001"/>
  <testcase name="testConverter[73]" classname="it.unipd.mtss.ConverterTest" time="0.001"/>
  <testcase name="testConverter[74]" classname="it.unipd.mtss.ConverterTest" time="0.001"/>
  <testcase name="testConverter[75]" classname="it.unipd.mtss.ConverterTest" time="0.001"/>
  <testcase name="testConverter[76]" classname="it.unipd.mtss.ConverterTest" time="0.002"/>
  <testcase name="testConverter[77]" classname="it.unipd.mtss.ConverterTest" time="0.001"/>
  <testcase name="testConverter[78]" classname="it.unipd.mtss.ConverterTest" time="0.001"/>
  <testcase name="testConverter[79]" classname="it.unipd.mtss.ConverterTest" time="0.001"/>
  <testcase name="testConverter[80]" classname="it.unipd.mtss.ConverterTest" time="0"/>
  <testcase name="testConverter[81]" classname="it.unipd.mtss.ConverterTest" time="0"/>
  <testcase name="testConverter[82]" classname="it.unipd.mtss.ConverterTest" time="0.001"/>
  <testcase name="testConverter[83]" classname="it.unipd.mtss.ConverterTest" time="0.001"/>
  <testcase name="testConverter[84]" classname="it.unipd.mtss.ConverterTest" time="0.001"/>
  <testcase name="testConverter[85]" classname="it.unipd.mtss.ConverterTest" time="0"/>
  <testcase name="testConverter[86]" classname="it.unipd.mtss.ConverterTest" time="0.002"/>
  <testcase name="testConverter[87]" classname="it.unipd.mtss.ConverterTest" time="0.001"/>
  <testcase name="testConverter[88]" classname="it.unipd.mtss.ConverterTest" time="0.001"/>
  <testcase name="testConverter[89]" classname="it.unipd.mtss.ConverterTest" time="0.003"/>
  <testcase name="testConverter[90]" classname="it.unipd.mtss.ConverterTest" time="0"/>
  <testcase name="testConverter[91]" classname="it.unipd.mtss.ConverterTest" time="0.002"/>
  <testcase name="testConverter[92]" classname="it.unipd.mtss.ConverterTest" time="0"/>
  <testcase name="testConverter[93]" classname="it.unipd.mtss.ConverterTest" time="0"/>
  <testcase name="testConverter[94]" classname="it.unipd.mtss.ConverterTest" time="0.001"/>
  <testcase name="testConverter[95]" classname="it.unipd.mtss.ConverterTest" time="0.001"/>
  <testcase name="testConverter[96]" classname="it.unipd.mtss.ConverterTest" time="0"/>
  <testcase name="testConverter[97]" classname="it.unipd.mtss.ConverterTest" time="0.001"/>
  <testcase name="testConverter[98]" classname="it.unipd.mtss.ConverterTest" time="0.001"/>
  <testcase name="testConverter[99]" classname="it.unipd.mtss.ConverterTest" time="0.001"/>
  <testcase name="testConverter[100]" classname="it.unipd.mtss.ConverterTest" time="0.001"/>
</testsuite>